<?xml version="1.0" encoding="UTF-8"?>
<testsuite name="AnimalTests" tests="1" skipped="0" failures="0" errors="0" timestamp="2020-02-13T12:06:41" hostname="umuzi-admin" time="0.005">
  <properties/>
  <testcase name="TestCatSound" classname="AnimalTests" time="0.005"/>
  <system-out><![CDATA[Meows
]]></system-out>
  <system-err><![CDATA[]]></system-err>
</testsuite>
